\BOOKMARK [0][-]{section*.1}{\376\377\000C\000o\000n\000t\000e\000n\000t\000s}{}% 1
\BOOKMARK [0][-]{chapter.0}{\376\377\000I\000n\000t\000r\000o\000d\000u\000c\000t\000i\000o\000n}{}% 2
\BOOKMARK [1][-]{section.0.1}{\376\377\000A\000\040\000t\000i\000n\000y\000l\000a\000n\000g\000\040\000p\000r\000o\000g\000r\000a\000m}{chapter.0}% 3
\BOOKMARK [1][-]{section.0.2}{\376\377\000U\000s\000i\000n\000g\000\040\000a\000\040\000t\000i\000n\000y\000l\000a\000n\000g\000'\000s\000\040\000c\000o\000m\000p\000i\000l\000e\000r}{chapter.0}% 4
\BOOKMARK [1][-]{section.0.3}{\376\377\000S\000y\000n\000t\000a\000x\000\040\000r\000u\000l\000e\000s\000\040\000o\000f\000\040\000T\000i\000n\000y\000L\000a\000n\000g\000\040\000i\000n\000\040\000E\000B\000N\000F}{chapter.0}% 5
\BOOKMARK [1][-]{section.0.4}{\376\377\000O\000u\000t\000l\000i\000n\000e}{chapter.0}% 6
\BOOKMARK [0][-]{chapter.1}{\376\377\000T\000a\000b\000l\000e\000-\000D\000r\000i\000v\000e\000n\000\040\000L\000e\000x\000e\000r}{}% 7
\BOOKMARK [1][-]{section.1.1}{\376\377\000S\000p\000e\000c\000i\000f\000i\000c\000a\000t\000i\000o\000n\000\040\000:\000\040\000m\000i\000c\000r\000o\000-\000s\000y\000n\000t\000a\000x}{chapter.1}% 8
\BOOKMARK [1][-]{section.1.2}{\376\377\000T\000a\000b\000l\000e\000-\000d\000r\000i\000v\000e\000n\000\040\000l\000e\000x\000e\000r}{chapter.1}% 9
\BOOKMARK [1][-]{section.1.3}{\376\377\000I\000m\000p\000l\000e\000m\000e\000n\000t\000a\000t\000i\000o\000n\000\040\000i\000n\000\040\000J\000a\000v\000a}{chapter.1}% 10
\BOOKMARK [1][-]{section.1.4}{\376\377\000T\000e\000s\000t\000\040\000p\000r\000o\000g\000r\000a\000m\000s}{chapter.1}% 11
\BOOKMARK [0][-]{chapter.2}{\376\377\000H\000a\000n\000d\000-\000C\000r\000a\000t\000e\000d\000\040\000L\000L\000\050\000k\000\051\000\040\000P\000a\000r\000s\000e\000r}{}% 12
\BOOKMARK [1][-]{section.2.1}{\376\377\000T\000h\000e\000\040\000p\000a\000r\000s\000e\000r}{chapter.2}% 13
\BOOKMARK [1][-]{section.2.2}{\376\377\000D\000e\000s\000i\000g\000n\000\040\000o\000f\000\040\000a\000n\000\040\000A\000S\000T}{chapter.2}% 14
\BOOKMARK [1][-]{section.2.3}{\376\377\000R\000e\000c\000u\000r\000s\000i\000v\000e\000\040\000D\000e\000s\000c\000e\000n\000t}{chapter.2}% 15
\BOOKMARK [1][-]{section.2.4}{\376\377\000P\000a\000r\000s\000e\000\040\000t\000r\000e\000e\000\040\000o\000f\000\040\000a\000\040\000s\000a\000m\000p\000l\000e\000\040\000t\000i\000n\000y\000l\000a\000n\000g\000\040\000p\000r\000o\000g\000r\000a\000m}{chapter.2}% 16
\BOOKMARK [1][-]{section.2.5}{\376\377\000I\000m\000p\000l\000e\000m\000e\000n\000t\000a\000t\000i\000o\000n\000\040\000i\000n\000\040\000J\000a\000v\000a}{chapter.2}% 17
\BOOKMARK [1][-]{section.2.6}{\376\377\000T\000e\000s\000t\000i\000n\000g}{chapter.2}% 18
\BOOKMARK [0][-]{chapter.3}{\376\377\000A\000S\000T\000\040\000X\000M\000L\000\040\000G\000e\000n\000e\000r\000a\000t\000i\000o\000n\000\040\000P\000a\000s\000s}{}% 19
\BOOKMARK [1][-]{section.3.1}{\376\377\000E\000N\000U\000M\000-\000B\000a\000s\000e\000d\000\040\000V\000i\000s\000i\000t\000o\000r\000'\000s\000\040\000D\000e\000s\000i\000g\000n\000\040\000P\000a\000t\000t\000e\000r\000n}{chapter.3}% 20
\BOOKMARK [1][-]{section.3.2}{\376\377\000D\000e\000s\000i\000g\000n}{chapter.3}% 21
\BOOKMARK [1][-]{section.3.3}{\376\377\000I\000m\000p\000l\000e\000m\000e\000n\000t\000a\000t\000i\000o\000n\000\040\000i\000n\000\040\000J\000a\000v\000a}{chapter.3}% 22
\BOOKMARK [1][-]{section.3.4}{\376\377\000T\000e\000s\000t\000i\000n\000g}{chapter.3}% 23
\BOOKMARK [0][-]{chapter.4}{\376\377\000S\000e\000m\000a\000n\000t\000i\000c\000\040\000A\000n\000a\000l\000y\000s\000i\000s}{}% 24
\BOOKMARK [1][-]{section.4.1}{\376\377\000D\000e\000s\000i\000g\000n}{chapter.4}% 25
\BOOKMARK [1][-]{section.4.2}{\376\377\000I\000m\000p\000l\000e\000m\000e\000n\000t\000a\000t\000i\000o\000n\000\040\000i\000n\000\040\000J\000a\000v\000a}{chapter.4}% 26
\BOOKMARK [1][-]{section.4.3}{\376\377\000T\000e\000s\000t\000i\000n\000g}{chapter.4}% 27
\BOOKMARK [0][-]{chapter.5}{\376\377\000I\000n\000t\000e\000r\000p\000r\000e\000t\000e\000r}{}% 28
\BOOKMARK [1][-]{section.5.1}{\376\377\000D\000e\000s\000i\000g\000n}{chapter.5}% 29
\BOOKMARK [1][-]{section.5.2}{\376\377\000I\000m\000p\000l\000e\000m\000e\000n\000t\000a\000t\000i\000o\000n\000\040\000i\000n\000\040\000J\000a\000v\000a}{chapter.5}% 30
\BOOKMARK [1][-]{section.5.3}{\376\377\000T\000e\000s\000t\000i\000n\000g}{chapter.5}% 31
\BOOKMARK [1][-]{section.5.4}{\376\377\000F\000u\000t\000u\000r\000e\000\040\000i\000m\000p\000l\000e\000m\000e\000n\000t\000a\000t\000i\000o\000n}{chapter.5}% 32
\BOOKMARK [0][-]{chapter.6}{\376\377\000I\000m\000p\000l\000e\000m\000e\000n\000t\000a\000t\000i\000o\000n}{}% 33
\BOOKMARK [1][-]{section.6.1}{\376\377\000L\000e\000x\000e\000r}{chapter.6}% 34
\BOOKMARK [1][-]{section.6.2}{\376\377\000P\000a\000r\000s\000e\000r}{chapter.6}% 35
\BOOKMARK [1][-]{section.6.3}{\376\377\000X\000M\000L\000\040\000g\000e\000n\000e\000r\000a\000t\000i\000o\000n}{chapter.6}% 36
\BOOKMARK [1][-]{section.6.4}{\376\377\000S\000e\000m\000a\000n\000t\000i\000c\000\040\000A\000n\000a\000l\000y\000s\000e\000r}{chapter.6}% 37
\BOOKMARK [1][-]{section.6.5}{\376\377\000I\000n\000t\000e\000r\000p\000r\000e\000t\000e\000r}{chapter.6}% 38
\BOOKMARK [1][-]{section.6.6}{\376\377\000G\000i\000t\000H\000u\000b\000\040\000R\000e\000p\000o}{chapter.6}% 39
